Tue Nov 19 14:13:58 CET 2019 : Apache Derby Network Server - 10.11.1.2 - (1629631) démarré et prêt à accepter les connexions sur le port 1527
----------------------------------------------------------------
Tue Nov 19 14:13:58 CET 2019:
Amorçage de Derby version The Apache Software Foundation - Apache Derby - 10.11.1.2 - (1629631) : instance a816c00e-016e-83cc-5a4d-ffffbe3194b2 
dans le répertoire de base de données C:\Users\pedago\Documents\NetBeansProjects\MiniProjet\Projet avec le chargeur de classe sun.misc.Launcher$AppClassLoader@1d44bcfa
Chargé de file:/C:/Program%20Files/Java/jdk1.8.0_77/db/lib/derby.jar
java.vendor=Oracle Corporation
java.runtime.version=1.8.0_77-b03
user.dir=C:\Program Files\Java\jdk1.8.0_77\db
os.name=Windows 10
os.arch=amd64
os.version=10.0
derby.system.home=C:\Users\pedago\Documents\NetBeansProjects\MiniProjet
Chargeur de classe de la base de données démarré - derby.database.classpath = ''
----------------------------------------------------------------
Tue Nov 19 14:14:09 CET 2019:
Fermeture de l'instance a816c00e-016e-83cc-5a4d-ffffbe3194b2 sur le répertoire de base de données C:\Users\pedago\Documents\NetBeansProjects\MiniProjet\Projet avec le chargeur de classe sun.misc.Launcher$AppClassLoader@1d44bcfa 
Tue Nov 19 14:14:09 CET 2019 Thread[DRDAConnThread_2,5,main] (DATABASE = Projet), (DRDAID = {2}), Arrêt de la base de données 'Projet'.
----------------------------------------------------------------
Tue Nov 19 14:14:17 CET 2019:
Amorçage de Derby version The Apache Software Foundation - Apache Derby - 10.11.1.2 - (1629631) : instance a65c80ac-016e-83cc-5a4d-ffffbe3194b2 
dans le répertoire de base de données C:\Users\pedago\Documents\NetBeansProjects\MiniProjet\Projet avec le chargeur de classe sun.misc.Launcher$AppClassLoader@1d44bcfa
Chargé de file:/C:/Program%20Files/Java/jdk1.8.0_77/db/lib/derby.jar
java.vendor=Oracle Corporation
java.runtime.version=1.8.0_77-b03
user.dir=C:\Program Files\Java\jdk1.8.0_77\db
os.name=Windows 10
os.arch=amd64
os.version=10.0
derby.system.home=C:\Users\pedago\Documents\NetBeansProjects\MiniProjet
Chargeur de classe de la base de données démarré - derby.database.classpath = ''
